{"D:\\work 2\\task-manager-pro\\src\\app.ts": {"path":"D:\\work 2\\task-manager-pro\\src\\app.ts","statementMap":{"0":{"start":{"line":1,"column":0},"end":{"line":1,"column":47}},"1":{"start":{"line":2,"column":0},"end":{"line":2,"column":24}},"2":{"start":{"line":3,"column":0},"end":{"line":3,"column":28}},"3":{"start":{"line":4,"column":0},"end":{"line":4,"column":28}},"4":{"start":{"line":5,"column":0},"end":{"line":5,"column":43}},"5":{"start":{"line":6,"column":0},"end":{"line":6,"column":51}},"6":{"start":{"line":7,"column":0},"end":{"line":7,"column":36}},"7":{"start":{"line":8,"column":0},"end":{"line":8,"column":53}},"8":{"start":{"line":9,"column":0},"end":{"line":9,"column":30}},"9":{"start":{"line":12,"column":25},"end":{"line":12,"column":34}},"10":{"start":{"line":14,"column":0},"end":{"line":14,"column":28}},"11":{"start":{"line":17,"column":0},"end":{"line":17,"column":18}},"12":{"start":{"line":18,"column":0},"end":{"line":18,"column":16}},"13":{"start":{"line":19,"column":0},"end":{"line":19,"column":25}},"14":{"start":{"line":22,"column":16},"end":{"line":26,"column":2}},"15":{"start":{"line":27,"column":0},"end":{"line":27,"column":17}},"16":{"start":{"line":30,"column":0},"end":{"line":30,"column":93}},"17":{"start":{"line":30,"column":59},"end":{"line":30,"column":86}},"18":{"start":{"line":33,"column":0},"end":{"line":33,"column":24}},"19":{"start":{"line":34,"column":0},"end":{"line":34,"column":48}},"20":{"start":{"line":37,"column":0},"end":{"line":37,"column":27}},"21":{"start":{"line":40,"column":0},"end":{"line":40,"column":22}},"22":{"start":{"line":42,"column":0},"end":{"line":42,"column":19}}},"fnMap":{"0":{"name":"(anonymous_1)","decl":{"start":{"line":30,"column":46},"end":{"line":30,"column":47}},"loc":{"start":{"line":30,"column":59},"end":{"line":30,"column":86}}}},"branchMap":{},"s":{"0":2,"1":2,"2":2,"3":2,"4":2,"5":2,"6":2,"7":2,"8":2,"9":2,"10":2,"11":2,"12":2,"13":2,"14":2,"15":2,"16":2,"17":25,"18":2,"19":2,"20":2,"21":2,"22":2},"f":{"0":25},"b":{}}
,"D:\\work 2\\task-manager-pro\\src\\config\\env.ts": {"path":"D:\\work 2\\task-manager-pro\\src\\config\\env.ts","statementMap":{"0":{"start":{"line":1,"column":0},"end":{"line":1,"column":28}},"1":{"start":{"line":2,"column":0},"end":{"line":2,"column":24}},"2":{"start":{"line":4,"column":0},"end":{"line":6,"column":3}},"3":{"start":{"line":9,"column":24},"end":{"line":16,"column":2}},"4":{"start":{"line":18,"column":0},"end":{"line":22,"column":1}},"5":{"start":{"line":19,"column":2},"end":{"line":21,"column":3}},"6":{"start":{"line":20,"column":4},"end":{"line":20,"column":66}},"7":{"start":{"line":25,"column":13},"end":{"line":25,"column":77}},"8":{"start":{"line":26,"column":13},"end":{"line":26,"column":57}},"9":{"start":{"line":27,"column":13},"end":{"line":27,"column":57}},"10":{"start":{"line":28,"column":13},"end":{"line":28,"column":57}},"11":{"start":{"line":29,"column":13},"end":{"line":29,"column":59}},"12":{"start":{"line":30,"column":13},"end":{"line":30,"column":59}}},"fnMap":{},"branchMap":{"0":{"loc":{"start":{"line":19,"column":2},"end":{"line":21,"column":3}},"type":"if","locations":[{"start":{"line":19,"column":2},"end":{"line":21,"column":3}}]},"1":{"loc":{"start":{"line":26,"column":29},"end":{"line":26,"column":55}},"type":"binary-expr","locations":[{"start":{"line":26,"column":29},"end":{"line":26,"column":45}},{"start":{"line":26,"column":49},"end":{"line":26,"column":55}}]}},"s":{"0":2,"1":2,"2":2,"3":2,"4":2,"5":12,"6":0,"7":2,"8":2,"9":2,"10":2,"11":2,"12":2},"f":{},"b":{"0":[0],"1":[2,0]}}
,"D:\\work 2\\task-manager-pro\\src\\controllers\\auth.ts": {"path":"D:\\work 2\\task-manager-pro\\src\\controllers\\auth.ts","statementMap":{"0":{"start":{"line":2,"column":0},"end":{"line":2,"column":43}},"1":{"start":{"line":3,"column":0},"end":{"line":3,"column":31}},"2":{"start":{"line":4,"column":0},"end":{"line":4,"column":34}},"3":{"start":{"line":5,"column":0},"end":{"line":5,"column":41}},"4":{"start":{"line":6,"column":0},"end":{"line":6,"column":55}},"5":{"start":{"line":9,"column":0},"end":{"line":9,"column":33}},"6":{"start":{"line":12,"column":23},"end":{"line":22,"column":2}},"7":{"start":{"line":24,"column":20},"end":{"line":27,"column":2}},"8":{"start":{"line":30,"column":24},"end":{"line":72,"column":1}},"9":{"start":{"line":35,"column":2},"end":{"line":71,"column":3}},"10":{"start":{"line":37,"column":26},"end":{"line":37,"column":56}},"11":{"start":{"line":38,"column":44},"end":{"line":38,"column":57}},"12":{"start":{"line":41,"column":4},"end":{"line":43,"column":5}},"13":{"start":{"line":42,"column":6},"end":{"line":42,"column":70}},"14":{"start":{"line":46,"column":17},"end":{"line":46,"column":67}},"15":{"start":{"line":49,"column":18},"end":{"line":49,"column":41}},"16":{"start":{"line":51,"column":4},"end":{"line":62,"column":7}},"17":{"start":{"line":64,"column":4},"end":{"line":70,"column":5}},"18":{"start":{"line":65,"column":24},"end":{"line":65,"column":47}},"19":{"start":{"line":66,"column":22},"end":{"line":66,"column":72}},"20":{"start":{"line":66,"column":51},"end":{"line":66,"column":60}},"21":{"start":{"line":67,"column":6},"end":{"line":67,"column":58}},"22":{"start":{"line":69,"column":6},"end":{"line":69,"column":16}},"23":{"start":{"line":30,"column":13},"end":{"line":30,"column":24}},"24":{"start":{"line":75,"column":21},"end":{"line":114,"column":1}},"25":{"start":{"line":80,"column":2},"end":{"line":113,"column":3}},"26":{"start":{"line":82,"column":32},"end":{"line":82,"column":59}},"27":{"start":{"line":85,"column":17},"end":{"line":85,"column":66}},"28":{"start":{"line":86,"column":4},"end":{"line":88,"column":5}},"29":{"start":{"line":87,"column":6},"end":{"line":87,"column":73}},"30":{"start":{"line":91,"column":18},"end":{"line":91,"column":41}},"31":{"start":{"line":93,"column":4},"end":{"line":104,"column":7}},"32":{"start":{"line":106,"column":4},"end":{"line":112,"column":5}},"33":{"start":{"line":107,"column":24},"end":{"line":107,"column":47}},"34":{"start":{"line":108,"column":22},"end":{"line":108,"column":72}},"35":{"start":{"line":108,"column":51},"end":{"line":108,"column":60}},"36":{"start":{"line":109,"column":6},"end":{"line":109,"column":58}},"37":{"start":{"line":111,"column":6},"end":{"line":111,"column":16}},"38":{"start":{"line":75,"column":13},"end":{"line":75,"column":21}},"39":{"start":{"line":117,"column":21},"end":{"line":140,"column":1}},"40":{"start":{"line":122,"column":2},"end":{"line":139,"column":3}},"41":{"start":{"line":123,"column":17},"end":{"line":123,"column":49}},"42":{"start":{"line":124,"column":4},"end":{"line":126,"column":5}},"43":{"start":{"line":125,"column":6},"end":{"line":125,"column":65}},"44":{"start":{"line":128,"column":4},"end":{"line":136,"column":7}},"45":{"start":{"line":138,"column":4},"end":{"line":138,"column":14}},"46":{"start":{"line":117,"column":13},"end":{"line":117,"column":21}},"47":{"start":{"line":143,"column":22},"end":{"line":147,"column":1}},"48":{"start":{"line":144,"column":2},"end":{"line":146,"column":24}}},"fnMap":{"0":{"name":"(anonymous_1)","decl":{"start":{"line":30,"column":24},"end":{"line":30,"column":29}},"loc":{"start":{"line":34,"column":4},"end":{"line":72,"column":1}}},"1":{"name":"(anonymous_2)","decl":{"start":{"line":66,"column":39},"end":{"line":66,"column":40}},"loc":{"start":{"line":66,"column":51},"end":{"line":66,"column":60}}},"2":{"name":"(anonymous_3)","decl":{"start":{"line":75,"column":21},"end":{"line":75,"column":26}},"loc":{"start":{"line":79,"column":4},"end":{"line":114,"column":1}}},"3":{"name":"(anonymous_4)","decl":{"start":{"line":108,"column":39},"end":{"line":108,"column":40}},"loc":{"start":{"line":108,"column":51},"end":{"line":108,"column":60}}},"4":{"name":"(anonymous_5)","decl":{"start":{"line":117,"column":21},"end":{"line":117,"column":26}},"loc":{"start":{"line":121,"column":4},"end":{"line":140,"column":1}}},"5":{"name":"(anonymous_6)","decl":{"start":{"line":143,"column":22},"end":{"line":143,"column":23}},"loc":{"start":{"line":143,"column":62},"end":{"line":147,"column":1}}}},"branchMap":{"0":{"loc":{"start":{"line":41,"column":4},"end":{"line":43,"column":5}},"type":"if","locations":[{"start":{"line":41,"column":4},"end":{"line":43,"column":5}}]},"1":{"loc":{"start":{"line":64,"column":4},"end":{"line":70,"column":5}},"type":"if","locations":[{"start":{"line":64,"column":4},"end":{"line":70,"column":5}},{"start":{"line":68,"column":11},"end":{"line":70,"column":5}}]},"2":{"loc":{"start":{"line":86,"column":4},"end":{"line":88,"column":5}},"type":"if","locations":[{"start":{"line":86,"column":4},"end":{"line":88,"column":5}}]},"3":{"loc":{"start":{"line":86,"column":8},"end":{"line":86,"column":54}},"type":"binary-expr","locations":[{"start":{"line":86,"column":8},"end":{"line":86,"column":13}},{"start":{"line":86,"column":17},"end":{"line":86,"column":54}}]},"4":{"loc":{"start":{"line":106,"column":4},"end":{"line":112,"column":5}},"type":"if","locations":[{"start":{"line":106,"column":4},"end":{"line":112,"column":5}},{"start":{"line":110,"column":11},"end":{"line":112,"column":5}}]},"5":{"loc":{"start":{"line":124,"column":4},"end":{"line":126,"column":5}},"type":"if","locations":[{"start":{"line":124,"column":4},"end":{"line":126,"column":5}}]}},"s":{"0":2,"1":2,"2":2,"3":2,"4":2,"5":2,"6":2,"7":2,"8":2,"9":4,"10":4,"11":3,"12":3,"13":0,"14":3,"15":3,"16":3,"17":1,"18":1,"19":1,"20":3,"21":1,"22":0,"23":2,"24":2,"25":2,"26":2,"27":1,"28":1,"29":1,"30":0,"31":0,"32":2,"33":1,"34":1,"35":1,"36":1,"37":1,"38":2,"39":2,"40":1,"41":1,"42":1,"43":0,"44":1,"45":0,"46":2,"47":2,"48":3},"f":{"0":4,"1":3,"2":2,"3":1,"4":1,"5":3},"b":{"0":[0],"1":[1,0],"2":[1],"3":[1,1],"4":[1,1],"5":[0]}}
,"D:\\work 2\\task-manager-pro\\src\\controllers\\tasks.ts": {"path":"D:\\work 2\\task-manager-pro\\src\\controllers\\tasks.ts","statementMap":{"0":{"start":{"line":2,"column":0},"end":{"line":2,"column":43}},"1":{"start":{"line":3,"column":0},"end":{"line":3,"column":34}},"2":{"start":{"line":4,"column":0},"end":{"line":4,"column":41}},"3":{"start":{"line":5,"column":0},"end":{"line":5,"column":59}},"4":{"start":{"line":7,"column":0},"end":{"line":7,"column":32}},"5":{"start":{"line":10,"column":28},"end":{"line":16,"column":1}},"6":{"start":{"line":11,"column":15},"end":{"line":11,"column":69}},"7":{"start":{"line":12,"column":2},"end":{"line":14,"column":3}},"8":{"start":{"line":13,"column":4},"end":{"line":13,"column":63}},"9":{"start":{"line":15,"column":2},"end":{"line":15,"column":14}},"10":{"start":{"line":19,"column":24},"end":{"line":66,"column":1}},"11":{"start":{"line":20,"column":2},"end":{"line":65,"column":3}},"12":{"start":{"line":21,"column":21},"end":{"line":21,"column":72}},"13":{"start":{"line":22,"column":23},"end":{"line":22,"column":51}},"14":{"start":{"line":24,"column":4},"end":{"line":31,"column":5}},"15":{"start":{"line":25,"column":6},"end":{"line":30,"column":9}},"16":{"start":{"line":34,"column":25},"end":{"line":34,"column":65}},"17":{"start":{"line":35,"column":27},"end":{"line":35,"column":62}},"18":{"start":{"line":36,"column":4},"end":{"line":36,"column":54}},"19":{"start":{"line":36,"column":33},"end":{"line":36,"column":52}},"20":{"start":{"line":39,"column":19},"end":{"line":39,"column":43}},"21":{"start":{"line":40,"column":4},"end":{"line":40,"column":78}},"22":{"start":{"line":40,"column":65},"end":{"line":40,"column":76}},"23":{"start":{"line":42,"column":16},"end":{"line":42,"column":47}},"24":{"start":{"line":45,"column":19},"end":{"line":45,"column":98}},"25":{"start":{"line":46,"column":4},"end":{"line":46,"column":31}},"26":{"start":{"line":49,"column":17},"end":{"line":49,"column":56}},"27":{"start":{"line":50,"column":18},"end":{"line":50,"column":59}},"28":{"start":{"line":51,"column":17},"end":{"line":51,"column":35}},"29":{"start":{"line":53,"column":18},"end":{"line":53,"column":60}},"30":{"start":{"line":56,"column":4},"end":{"line":56,"column":58}},"31":{"start":{"line":58,"column":4},"end":{"line":62,"column":7}},"32":{"start":{"line":64,"column":4},"end":{"line":64,"column":14}},"33":{"start":{"line":19,"column":13},"end":{"line":19,"column":24}},"34":{"start":{"line":69,"column":23},"end":{"line":79,"column":1}},"35":{"start":{"line":70,"column":2},"end":{"line":78,"column":3}},"36":{"start":{"line":71,"column":17},"end":{"line":71,"column":70}},"37":{"start":{"line":72,"column":4},"end":{"line":75,"column":7}},"38":{"start":{"line":77,"column":4},"end":{"line":77,"column":14}},"39":{"start":{"line":69,"column":13},"end":{"line":69,"column":23}},"40":{"start":{"line":82,"column":26},"end":{"line":101,"column":1}},"41":{"start":{"line":83,"column":2},"end":{"line":100,"column":3}},"42":{"start":{"line":84,"column":17},"end":{"line":87,"column":6}},"43":{"start":{"line":89,"column":4},"end":{"line":92,"column":7}},"44":{"start":{"line":94,"column":4},"end":{"line":99,"column":5}},"45":{"start":{"line":95,"column":23},"end":{"line":95,"column":72}},"46":{"start":{"line":95,"column":60},"end":{"line":95,"column":71}},"47":{"start":{"line":96,"column":6},"end":{"line":96,"column":70}},"48":{"start":{"line":98,"column":6},"end":{"line":98,"column":16}},"49":{"start":{"line":82,"column":13},"end":{"line":82,"column":26}},"50":{"start":{"line":104,"column":26},"end":{"line":130,"column":1}},"51":{"start":{"line":105,"column":2},"end":{"line":129,"column":3}},"52":{"start":{"line":106,"column":4},"end":{"line":106,"column":58}},"53":{"start":{"line":108,"column":17},"end":{"line":115,"column":null}},"54":{"start":{"line":118,"column":4},"end":{"line":121,"column":7}},"55":{"start":{"line":123,"column":4},"end":{"line":128,"column":5}},"56":{"start":{"line":124,"column":23},"end":{"line":124,"column":72}},"57":{"start":{"line":124,"column":60},"end":{"line":124,"column":71}},"58":{"start":{"line":125,"column":6},"end":{"line":125,"column":70}},"59":{"start":{"line":127,"column":6},"end":{"line":127,"column":16}},"60":{"start":{"line":104,"column":13},"end":{"line":104,"column":26}},"61":{"start":{"line":133,"column":26},"end":{"line":146,"column":1}},"62":{"start":{"line":134,"column":2},"end":{"line":145,"column":3}},"63":{"start":{"line":135,"column":17},"end":{"line":135,"column":70}},"64":{"start":{"line":136,"column":4},"end":{"line":136,"column":27}},"65":{"start":{"line":138,"column":4},"end":{"line":142,"column":7}},"66":{"start":{"line":144,"column":4},"end":{"line":144,"column":14}},"67":{"start":{"line":133,"column":13},"end":{"line":133,"column":26}}},"fnMap":{"0":{"name":"(anonymous_1)","decl":{"start":{"line":10,"column":28},"end":{"line":10,"column":33}},"loc":{"start":{"line":10,"column":69},"end":{"line":16,"column":1}}},"1":{"name":"(anonymous_2)","decl":{"start":{"line":19,"column":24},"end":{"line":19,"column":29}},"loc":{"start":{"line":19,"column":95},"end":{"line":66,"column":1}}},"2":{"name":"(anonymous_3)","decl":{"start":{"line":36,"column":27},"end":{"line":36,"column":29}},"loc":{"start":{"line":36,"column":33},"end":{"line":36,"column":52}}},"3":{"name":"(anonymous_4)","decl":{"start":{"line":40,"column":56},"end":{"line":40,"column":61}},"loc":{"start":{"line":40,"column":65},"end":{"line":40,"column":76}}},"4":{"name":"(anonymous_5)","decl":{"start":{"line":69,"column":23},"end":{"line":69,"column":28}},"loc":{"start":{"line":69,"column":94},"end":{"line":79,"column":1}}},"5":{"name":"(anonymous_6)","decl":{"start":{"line":82,"column":26},"end":{"line":82,"column":31}},"loc":{"start":{"line":82,"column":97},"end":{"line":101,"column":1}}},"6":{"name":"(anonymous_7)","decl":{"start":{"line":95,"column":53},"end":{"line":95,"column":56}},"loc":{"start":{"line":95,"column":60},"end":{"line":95,"column":71}}},"7":{"name":"(anonymous_8)","decl":{"start":{"line":104,"column":26},"end":{"line":104,"column":31}},"loc":{"start":{"line":104,"column":97},"end":{"line":130,"column":1}}},"8":{"name":"(anonymous_9)","decl":{"start":{"line":124,"column":53},"end":{"line":124,"column":56}},"loc":{"start":{"line":124,"column":60},"end":{"line":124,"column":71}}},"9":{"name":"(anonymous_10)","decl":{"start":{"line":133,"column":26},"end":{"line":133,"column":31}},"loc":{"start":{"line":133,"column":97},"end":{"line":146,"column":1}}}},"branchMap":{"0":{"loc":{"start":{"line":12,"column":2},"end":{"line":14,"column":3}},"type":"if","locations":[{"start":{"line":12,"column":2},"end":{"line":14,"column":3}}]},"1":{"loc":{"start":{"line":24,"column":4},"end":{"line":31,"column":5}},"type":"if","locations":[{"start":{"line":24,"column":4},"end":{"line":31,"column":5}}]},"2":{"loc":{"start":{"line":45,"column":19},"end":{"line":45,"column":98}},"type":"cond-expr","locations":[{"start":{"line":45,"column":37},"end":{"line":45,"column":83}},{"start":{"line":45,"column":86},"end":{"line":45,"column":98}}]},"3":{"loc":{"start":{"line":49,"column":17},"end":{"line":49,"column":56}},"type":"binary-expr","locations":[{"start":{"line":49,"column":17},"end":{"line":49,"column":51}},{"start":{"line":49,"column":55},"end":{"line":49,"column":56}}]},"4":{"loc":{"start":{"line":50,"column":18},"end":{"line":50,"column":59}},"type":"binary-expr","locations":[{"start":{"line":50,"column":18},"end":{"line":50,"column":53}},{"start":{"line":50,"column":57},"end":{"line":50,"column":59}}]},"5":{"loc":{"start":{"line":94,"column":4},"end":{"line":99,"column":5}},"type":"if","locations":[{"start":{"line":94,"column":4},"end":{"line":99,"column":5}},{"start":{"line":97,"column":11},"end":{"line":99,"column":5}}]},"6":{"loc":{"start":{"line":123,"column":4},"end":{"line":128,"column":5}},"type":"if","locations":[{"start":{"line":123,"column":4},"end":{"line":128,"column":5}},{"start":{"line":126,"column":11},"end":{"line":128,"column":5}}]}},"s":{"0":2,"1":2,"2":2,"3":2,"4":2,"5":2,"6":0,"7":0,"8":0,"9":0,"10":2,"11":0,"12":0,"13":0,"14":0,"15":0,"16":0,"17":0,"18":0,"19":0,"20":0,"21":0,"22":0,"23":0,"24":0,"25":0,"26":0,"27":0,"28":0,"29":0,"30":0,"31":0,"32":0,"33":2,"34":2,"35":0,"36":0,"37":0,"38":0,"39":2,"40":2,"41":0,"42":0,"43":0,"44":0,"45":0,"46":0,"47":0,"48":0,"49":2,"50":2,"51":0,"52":0,"53":0,"54":0,"55":0,"56":0,"57":0,"58":0,"59":0,"60":2,"61":2,"62":0,"63":0,"64":0,"65":0,"66":0,"67":2},"f":{"0":0,"1":0,"2":0,"3":0,"4":0,"5":0,"6":0,"7":0,"8":0,"9":0},"b":{"0":[0],"1":[0],"2":[0,0],"3":[0,0],"4":[0,0],"5":[0,0],"6":[0,0]}}
,"D:\\work 2\\task-manager-pro\\src\\middleware\\auth.ts": {"path":"D:\\work 2\\task-manager-pro\\src\\middleware\\auth.ts","statementMap":{"0":{"start":{"line":2,"column":0},"end":{"line":2,"column":31}},"1":{"start":{"line":3,"column":0},"end":{"line":3,"column":34}},"2":{"start":{"line":4,"column":0},"end":{"line":4,"column":41}},"3":{"start":{"line":5,"column":0},"end":{"line":5,"column":37}},"4":{"start":{"line":6,"column":0},"end":{"line":6,"column":43}},"5":{"start":{"line":7,"column":0},"end":{"line":7,"column":43}},"6":{"start":{"line":10,"column":23},"end":{"line":45,"column":1}},"7":{"start":{"line":17,"column":2},"end":{"line":22,"column":3}},"8":{"start":{"line":21,"column":4},"end":{"line":21,"column":52}},"9":{"start":{"line":24,"column":2},"end":{"line":31,"column":3}},"10":{"start":{"line":25,"column":4},"end":{"line":30,"column":6}},"11":{"start":{"line":33,"column":2},"end":{"line":44,"column":3}},"12":{"start":{"line":35,"column":20},"end":{"line":35,"column":67}},"13":{"start":{"line":38,"column":4},"end":{"line":38,"column":67}},"14":{"start":{"line":40,"column":4},"end":{"line":40,"column":11}},"15":{"start":{"line":42,"column":4},"end":{"line":42,"column":49}},"16":{"start":{"line":43,"column":4},"end":{"line":43,"column":66}},"17":{"start":{"line":10,"column":13},"end":{"line":10,"column":23}},"18":{"start":{"line":47,"column":25},"end":{"line":59,"column":1}},"19":{"start":{"line":48,"column":2},"end":{"line":58,"column":4}},"20":{"start":{"line":49,"column":4},"end":{"line":56,"column":5}},"21":{"start":{"line":50,"column":6},"end":{"line":55,"column":8}},"22":{"start":{"line":57,"column":4},"end":{"line":57,"column":11}},"23":{"start":{"line":47,"column":13},"end":{"line":47,"column":25}}},"fnMap":{"0":{"name":"(anonymous_1)","decl":{"start":{"line":10,"column":23},"end":{"line":10,"column":28}},"loc":{"start":{"line":14,"column":4},"end":{"line":45,"column":1}}},"1":{"name":"(anonymous_2)","decl":{"start":{"line":47,"column":25},"end":{"line":47,"column":26}},"loc":{"start":{"line":47,"column":48},"end":{"line":59,"column":1}}},"2":{"name":"(anonymous_3)","decl":{"start":{"line":48,"column":9},"end":{"line":48,"column":10}},"loc":{"start":{"line":48,"column":74},"end":{"line":58,"column":3}}}},"branchMap":{"0":{"loc":{"start":{"line":17,"column":2},"end":{"line":22,"column":3}},"type":"if","locations":[{"start":{"line":17,"column":2},"end":{"line":22,"column":3}}]},"1":{"loc":{"start":{"line":18,"column":4},"end":{"line":19,"column":50}},"type":"binary-expr","locations":[{"start":{"line":18,"column":4},"end":{"line":18,"column":29}},{"start":{"line":19,"column":4},"end":{"line":19,"column":50}}]},"2":{"loc":{"start":{"line":24,"column":2},"end":{"line":31,"column":3}},"type":"if","locations":[{"start":{"line":24,"column":2},"end":{"line":31,"column":3}}]},"3":{"loc":{"start":{"line":49,"column":4},"end":{"line":56,"column":5}},"type":"if","locations":[{"start":{"line":49,"column":4},"end":{"line":56,"column":5}}]}},"s":{"0":2,"1":2,"2":2,"3":2,"4":2,"5":2,"6":2,"7":1,"8":1,"9":1,"10":0,"11":1,"12":1,"13":1,"14":1,"15":0,"16":0,"17":2,"18":2,"19":0,"20":0,"21":0,"22":0,"23":2},"f":{"0":1,"1":0,"2":0},"b":{"0":[1],"1":[1,1],"2":[0],"3":[0]}}
,"D:\\work 2\\task-manager-pro\\src\\middleware\\errorHandler.ts": {"path":"D:\\work 2\\task-manager-pro\\src\\middleware\\errorHandler.ts","statementMap":{"0":{"start":{"line":2,"column":0},"end":{"line":2,"column":41}},"1":{"start":{"line":3,"column":0},"end":{"line":3,"column":37}},"2":{"start":{"line":4,"column":0},"end":{"line":4,"column":43}},"3":{"start":{"line":5,"column":0},"end":{"line":5,"column":32}},"4":{"start":{"line":7,"column":0},"end":{"line":62,"column":2}},"5":{"start":{"line":13,"column":19},"end":{"line":13,"column":51}},"6":{"start":{"line":14,"column":16},"end":{"line":14,"column":39}},"7":{"start":{"line":17,"column":2},"end":{"line":40,"column":3}},"8":{"start":{"line":18,"column":4},"end":{"line":18,"column":32}},"9":{"start":{"line":19,"column":4},"end":{"line":19,"column":26}},"10":{"start":{"line":22,"column":7},"end":{"line":40,"column":3}},"11":{"start":{"line":23,"column":4},"end":{"line":23,"column":40}},"12":{"start":{"line":24,"column":4},"end":{"line":24,"column":75}},"13":{"start":{"line":24,"column":51},"end":{"line":24,"column":62}},"14":{"start":{"line":27,"column":7},"end":{"line":40,"column":3}},"15":{"start":{"line":28,"column":4},"end":{"line":28,"column":40}},"16":{"start":{"line":29,"column":4},"end":{"line":29,"column":46}},"17":{"start":{"line":32,"column":7},"end":{"line":40,"column":3}},"18":{"start":{"line":33,"column":4},"end":{"line":33,"column":41}},"19":{"start":{"line":34,"column":4},"end":{"line":34,"column":30}},"20":{"start":{"line":37,"column":7},"end":{"line":40,"column":3}},"21":{"start":{"line":38,"column":4},"end":{"line":38,"column":41}},"22":{"start":{"line":39,"column":4},"end":{"line":39,"column":30}},"23":{"start":{"line":43,"column":2},"end":{"line":51,"column":3}},"24":{"start":{"line":44,"column":4},"end":{"line":48,"column":7}},"25":{"start":{"line":50,"column":4},"end":{"line":50,"column":30}},"26":{"start":{"line":54,"column":2},"end":{"line":61,"column":5}}},"fnMap":{"0":{"name":"(anonymous_1)","decl":{"start":{"line":7,"column":15},"end":{"line":7,"column":null}},"loc":{"start":{"line":12,"column":4},"end":{"line":62,"column":1}}},"1":{"name":"(anonymous_2)","decl":{"start":{"line":24,"column":44},"end":{"line":24,"column":47}},"loc":{"start":{"line":24,"column":51},"end":{"line":24,"column":62}}}},"branchMap":{"0":{"loc":{"start":{"line":17,"column":2},"end":{"line":40,"column":3}},"type":"if","locations":[{"start":{"line":17,"column":2},"end":{"line":40,"column":3}},{"start":{"line":22,"column":7},"end":{"line":40,"column":3}}]},"1":{"loc":{"start":{"line":22,"column":7},"end":{"line":40,"column":3}},"type":"if","locations":[{"start":{"line":22,"column":7},"end":{"line":40,"column":3}},{"start":{"line":27,"column":7},"end":{"line":40,"column":3}}]},"2":{"loc":{"start":{"line":27,"column":7},"end":{"line":40,"column":3}},"type":"if","locations":[{"start":{"line":27,"column":7},"end":{"line":40,"column":3}},{"start":{"line":32,"column":7},"end":{"line":40,"column":3}}]},"3":{"loc":{"start":{"line":32,"column":7},"end":{"line":40,"column":3}},"type":"if","locations":[{"start":{"line":32,"column":7},"end":{"line":40,"column":3}},{"start":{"line":37,"column":7},"end":{"line":40,"column":3}}]},"4":{"loc":{"start":{"line":37,"column":7},"end":{"line":40,"column":3}},"type":"if","locations":[{"start":{"line":37,"column":7},"end":{"line":40,"column":3}}]},"5":{"loc":{"start":{"line":43,"column":2},"end":{"line":51,"column":3}},"type":"if","locations":[{"start":{"line":43,"column":2},"end":{"line":51,"column":3}},{"start":{"line":49,"column":9},"end":{"line":51,"column":3}}]},"6":{"loc":{"start":{"line":59,"column":10},"end":{"line":59,"column":72}},"type":"binary-expr","locations":[{"start":{"line":59,"column":10},"end":{"line":59,"column":48}},{"start":{"line":59,"column":52},"end":{"line":59,"column":72}}]}},"s":{"0":2,"1":2,"2":2,"3":2,"4":2,"5":3,"6":3,"7":3,"8":3,"9":3,"10":0,"11":0,"12":0,"13":0,"14":0,"15":0,"16":0,"17":0,"18":0,"19":0,"20":0,"21":0,"22":0,"23":3,"24":0,"25":3,"26":3},"f":{"0":3,"1":0},"b":{"0":[3,0],"1":[0,0],"2":[0,0],"3":[0,0],"4":[0],"5":[0,3],"6":[3,0]}}
,"D:\\work 2\\task-manager-pro\\src\\models\\Task.ts": {"path":"D:\\work 2\\task-manager-pro\\src\\models\\Task.ts","statementMap":{"0":{"start":{"line":1,"column":0},"end":{"line":1,"column":46}},"1":{"start":{"line":6,"column":19},"end":{"line":39,"column":null}},"2":{"start":{"line":28,"column":10},"end":{"line":28,"column":53}},"3":{"start":{"line":43,"column":0},"end":{"line":43,"column":36}},"4":{"start":{"line":44,"column":0},"end":{"line":44,"column":32}},"5":{"start":{"line":45,"column":0},"end":{"line":45,"column":46}},"6":{"start":{"line":47,"column":13},"end":{"line":47,"column":62}},"7":{"start":{"line":49,"column":0},"end":{"line":49,"column":20}}},"fnMap":{"0":{"name":"(anonymous_1)","decl":{"start":{"line":27,"column":19},"end":{"line":27,"column":50}},"loc":{"start":{"line":27,"column":61},"end":{"line":29,"column":9}}}},"branchMap":{"0":{"loc":{"start":{"line":28,"column":17},"end":{"line":28,"column":52}},"type":"binary-expr","locations":[{"start":{"line":28,"column":17},"end":{"line":28,"column":30}},{"start":{"line":28,"column":34},"end":{"line":28,"column":52}}]}},"s":{"0":2,"1":2,"2":0,"3":2,"4":2,"5":2,"6":2,"7":2},"f":{"0":0},"b":{"0":[0,0]}}
,"D:\\work 2\\task-manager-pro\\src\\models\\User.ts": {"path":"D:\\work 2\\task-manager-pro\\src\\models\\User.ts","statementMap":{"0":{"start":{"line":1,"column":0},"end":{"line":1,"column":53}},"1":{"start":{"line":2,"column":0},"end":{"line":2,"column":30}},"2":{"start":{"line":4,"column":0},"end":{"line":4,"column":37}},"3":{"start":{"line":10,"column":19},"end":{"line":41,"column":null}},"4":{"start":{"line":45,"column":0},"end":{"line":58,"column":3}},"5":{"start":{"line":46,"column":2},"end":{"line":48,"column":3}},"6":{"start":{"line":47,"column":4},"end":{"line":47,"column":11}},"7":{"start":{"line":50,"column":2},"end":{"line":57,"column":3}},"8":{"start":{"line":51,"column":17},"end":{"line":51,"column":41}},"9":{"start":{"line":52,"column":4},"end":{"line":52,"column":59}},"10":{"start":{"line":53,"column":4},"end":{"line":53,"column":11}},"11":{"start":{"line":55,"column":4},"end":{"line":55,"column":51}},"12":{"start":{"line":56,"column":4},"end":{"line":56,"column":40}},"13":{"start":{"line":61,"column":0},"end":{"line":63,"column":2}},"14":{"start":{"line":62,"column":2},"end":{"line":62,"column":62}},"15":{"start":{"line":65,"column":35},"end":{"line":65,"column":69}},"16":{"start":{"line":67,"column":0},"end":{"line":67,"column":20}}},"fnMap":{"0":{"name":"(anonymous_1)","decl":{"start":{"line":45,"column":38},"end":{"line":45,"column":43}},"loc":{"start":{"line":45,"column":58},"end":{"line":58,"column":1}}},"1":{"name":"(anonymous_2)","decl":{"start":{"line":61,"column":35},"end":{"line":61,"column":40}},"loc":{"start":{"line":61,"column":74},"end":{"line":63,"column":1}}}},"branchMap":{"0":{"loc":{"start":{"line":46,"column":2},"end":{"line":48,"column":3}},"type":"if","locations":[{"start":{"line":46,"column":2},"end":{"line":48,"column":3}}]}},"s":{"0":2,"1":2,"2":2,"3":2,"4":2,"5":13,"6":0,"7":13,"8":13,"9":13,"10":13,"11":0,"12":0,"13":2,"14":1,"15":2,"16":2},"f":{"0":13,"1":1},"b":{"0":[0]}}
,"D:\\work 2\\task-manager-pro\\src\\routes\\auth.ts": {"path":"D:\\work 2\\task-manager-pro\\src\\routes\\auth.ts","statementMap":{"0":{"start":{"line":1,"column":0},"end":{"line":1,"column":33}},"1":{"start":{"line":2,"column":0},"end":{"line":2,"column":61}},"2":{"start":{"line":3,"column":0},"end":{"line":3,"column":45}},"3":{"start":{"line":5,"column":15},"end":{"line":5,"column":23}},"4":{"start":{"line":7,"column":0},"end":{"line":7,"column":35}},"5":{"start":{"line":8,"column":0},"end":{"line":8,"column":29}},"6":{"start":{"line":9,"column":0},"end":{"line":9,"column":34}},"7":{"start":{"line":11,"column":0},"end":{"line":11,"column":22}}},"fnMap":{},"branchMap":{},"s":{"0":2,"1":2,"2":2,"3":2,"4":2,"5":2,"6":2,"7":2},"f":{},"b":{}}
,"D:\\work 2\\task-manager-pro\\src\\routes\\index.ts": {"path":"D:\\work 2\\task-manager-pro\\src\\routes\\index.ts","statementMap":{"0":{"start":{"line":1,"column":0},"end":{"line":1,"column":33}},"1":{"start":{"line":2,"column":0},"end":{"line":2,"column":32}},"2":{"start":{"line":3,"column":0},"end":{"line":3,"column":33}},"3":{"start":{"line":4,"column":0},"end":{"line":4,"column":45}},"4":{"start":{"line":6,"column":15},"end":{"line":6,"column":23}},"5":{"start":{"line":9,"column":0},"end":{"line":9,"column":32}},"6":{"start":{"line":12,"column":0},"end":{"line":12,"column":42}},"7":{"start":{"line":14,"column":0},"end":{"line":14,"column":22}}},"fnMap":{},"branchMap":{},"s":{"0":2,"1":2,"2":2,"3":2,"4":2,"5":2,"6":2,"7":2},"f":{},"b":{}}
,"D:\\work 2\\task-manager-pro\\src\\routes\\tasks.ts": {"path":"D:\\work 2\\task-manager-pro\\src\\routes\\tasks.ts","statementMap":{"0":{"start":{"line":1,"column":0},"end":{"line":1,"column":33}},"1":{"start":{"line":2,"column":0},"end":{"line":2,"column":null}},"2":{"start":{"line":10,"column":15},"end":{"line":10,"column":23}},"3":{"start":{"line":12,"column":0},"end":{"line":12,"column":49}},"4":{"start":{"line":14,"column":0},"end":{"line":14,"column":69}},"5":{"start":{"line":16,"column":0},"end":{"line":16,"column":22}}},"fnMap":{},"branchMap":{},"s":{"0":2,"1":2,"2":2,"3":2,"4":2,"5":2},"f":{},"b":{}}
,"D:\\work 2\\task-manager-pro\\src\\services\\cache.ts": {"path":"D:\\work 2\\task-manager-pro\\src\\services\\cache.ts","statementMap":{"0":{"start":{"line":1,"column":0},"end":{"line":1,"column":37}},"1":{"start":{"line":2,"column":0},"end":{"line":2,"column":42}},"2":{"start":{"line":3,"column":0},"end":{"line":3,"column":37}},"3":{"start":{"line":6,"column":15},"end":{"line":8,"column":2}},"4":{"start":{"line":11,"column":0},"end":{"line":13,"column":3}},"5":{"start":{"line":12,"column":2},"end":{"line":12,"column":45}},"6":{"start":{"line":16,"column":21},"end":{"line":26,"column":1}},"7":{"start":{"line":17,"column":2},"end":{"line":25,"column":3}},"8":{"start":{"line":18,"column":4},"end":{"line":21,"column":5}},"9":{"start":{"line":19,"column":6},"end":{"line":19,"column":29}},"10":{"start":{"line":20,"column":6},"end":{"line":20,"column":50}},"11":{"start":{"line":23,"column":4},"end":{"line":23,"column":51}},"12":{"start":{"line":24,"column":4},"end":{"line":24,"column":14}},"13":{"start":{"line":29,"column":0},"end":{"line":29,"column":15}},"14":{"start":{"line":31,"column":28},"end":{"line":41,"column":1}},"15":{"start":{"line":32,"column":2},"end":{"line":40,"column":3}},"16":{"start":{"line":33,"column":4},"end":{"line":35,"column":5}},"17":{"start":{"line":34,"column":6},"end":{"line":34,"column":27}},"18":{"start":{"line":36,"column":4},"end":{"line":36,"column":33}},"19":{"start":{"line":38,"column":4},"end":{"line":38,"column":44}},"20":{"start":{"line":39,"column":4},"end":{"line":39,"column":14}},"21":{"start":{"line":31,"column":13},"end":{"line":31,"column":28}},"22":{"start":{"line":43,"column":24},"end":{"line":57,"column":1}},"23":{"start":{"line":48,"column":2},"end":{"line":56,"column":3}},"24":{"start":{"line":49,"column":4},"end":{"line":51,"column":5}},"25":{"start":{"line":50,"column":6},"end":{"line":50,"column":27}},"26":{"start":{"line":52,"column":4},"end":{"line":52,"column":40}},"27":{"start":{"line":54,"column":4},"end":{"line":54,"column":44}},"28":{"start":{"line":55,"column":4},"end":{"line":55,"column":14}},"29":{"start":{"line":43,"column":13},"end":{"line":43,"column":24}},"30":{"start":{"line":59,"column":31},"end":{"line":69,"column":1}},"31":{"start":{"line":60,"column":2},"end":{"line":68,"column":3}},"32":{"start":{"line":61,"column":4},"end":{"line":63,"column":5}},"33":{"start":{"line":62,"column":6},"end":{"line":62,"column":27}},"34":{"start":{"line":64,"column":4},"end":{"line":64,"column":26}},"35":{"start":{"line":66,"column":4},"end":{"line":66,"column":47}},"36":{"start":{"line":67,"column":4},"end":{"line":67,"column":14}},"37":{"start":{"line":59,"column":13},"end":{"line":59,"column":31}},"38":{"start":{"line":72,"column":0},"end":{"line":78,"column":3}},"39":{"start":{"line":73,"column":2},"end":{"line":76,"column":3}},"40":{"start":{"line":74,"column":4},"end":{"line":74,"column":24}},"41":{"start":{"line":75,"column":4},"end":{"line":75,"column":43}},"42":{"start":{"line":77,"column":2},"end":{"line":77,"column":18}}},"fnMap":{"0":{"name":"(anonymous_1)","decl":{"start":{"line":11,"column":19},"end":{"line":11,"column":20}},"loc":{"start":{"line":11,"column":27},"end":{"line":13,"column":1}}},"1":{"name":"(anonymous_2)","decl":{"start":{"line":16,"column":21},"end":{"line":16,"column":26}},"loc":{"start":{"line":16,"column":32},"end":{"line":26,"column":1}}},"2":{"name":"(anonymous_3)","decl":{"start":{"line":31,"column":28},"end":{"line":31,"column":33}},"loc":{"start":{"line":31,"column":74},"end":{"line":41,"column":1}}},"3":{"name":"(anonymous_4)","decl":{"start":{"line":43,"column":24},"end":{"line":43,"column":29}},"loc":{"start":{"line":47,"column":19},"end":{"line":57,"column":1}}},"4":{"name":"(anonymous_5)","decl":{"start":{"line":59,"column":31},"end":{"line":59,"column":36}},"loc":{"start":{"line":59,"column":68},"end":{"line":69,"column":1}}},"5":{"name":"(anonymous_6)","decl":{"start":{"line":72,"column":21},"end":{"line":72,"column":26}},"loc":{"start":{"line":72,"column":32},"end":{"line":78,"column":1}}}},"branchMap":{"0":{"loc":{"start":{"line":18,"column":4},"end":{"line":21,"column":5}},"type":"if","locations":[{"start":{"line":18,"column":4},"end":{"line":21,"column":5}}]},"1":{"loc":{"start":{"line":33,"column":4},"end":{"line":35,"column":5}},"type":"if","locations":[{"start":{"line":33,"column":4},"end":{"line":35,"column":5}}]},"2":{"loc":{"start":{"line":46,"column":2},"end":{"line":46,"column":20}},"type":"default-arg","locations":[{"start":{"line":46,"column":16},"end":{"line":46,"column":20}}]},"3":{"loc":{"start":{"line":49,"column":4},"end":{"line":51,"column":5}},"type":"if","locations":[{"start":{"line":49,"column":4},"end":{"line":51,"column":5}}]},"4":{"loc":{"start":{"line":61,"column":4},"end":{"line":63,"column":5}},"type":"if","locations":[{"start":{"line":61,"column":4},"end":{"line":63,"column":5}}]},"5":{"loc":{"start":{"line":73,"column":2},"end":{"line":76,"column":3}},"type":"if","locations":[{"start":{"line":73,"column":2},"end":{"line":76,"column":3}}]}},"s":{"0":2,"1":2,"2":2,"3":2,"4":2,"5":0,"6":2,"7":2,"8":2,"9":2,"10":2,"11":0,"12":0,"13":2,"14":2,"15":0,"16":0,"17":0,"18":0,"19":0,"20":0,"21":2,"22":2,"23":0,"24":0,"25":0,"26":0,"27":0,"28":0,"29":2,"30":2,"31":0,"32":0,"33":0,"34":0,"35":0,"36":0,"37":2,"38":2,"39":0,"40":0,"41":0,"42":0},"f":{"0":0,"1":2,"2":0,"3":0,"4":0,"5":0},"b":{"0":[2],"1":[0],"2":[0],"3":[0],"4":[0],"5":[0]}}
,"D:\\work 2\\task-manager-pro\\src\\utils\\ApiError.ts": {"path":"D:\\work 2\\task-manager-pro\\src\\utils\\ApiError.ts","statementMap":{"0":{"start":{"line":1,"column":0},"end":{"line":1,"column":48}},"1":{"start":{"line":14,"column":4},"end":{"line":14,"column":19}},"2":{"start":{"line":10,"column":11},"end":{"line":10,"column":29}},"3":{"start":{"line":15,"column":4},"end":{"line":15,"column":33}},"4":{"start":{"line":16,"column":4},"end":{"line":16,"column":39}},"5":{"start":{"line":18,"column":4},"end":{"line":22,"column":5}},"6":{"start":{"line":19,"column":6},"end":{"line":19,"column":25}},"7":{"start":{"line":21,"column":6},"end":{"line":21,"column":54}},"8":{"start":{"line":26,"column":4},"end":{"line":26,"column":69}},"9":{"start":{"line":30,"column":4},"end":{"line":30,"column":70}},"10":{"start":{"line":34,"column":4},"end":{"line":34,"column":67}},"11":{"start":{"line":38,"column":4},"end":{"line":38,"column":79}},"12":{"start":{"line":42,"column":20},"end":{"line":42,"column":68}},"13":{"start":{"line":43,"column":4},"end":{"line":43,"column":69}},"14":{"start":{"line":47,"column":0},"end":{"line":47,"column":24}}},"fnMap":{"0":{"name":"(anonymous_0)","decl":{"start":{"line":7,"column":2},"end":{"line":7,"column":null}},"loc":{"start":{"line":12,"column":14},"end":{"line":23,"column":3}}},"1":{"name":"(anonymous_1)","decl":{"start":{"line":25,"column":2},"end":{"line":25,"column":8}},"loc":{"start":{"line":25,"column":55},"end":{"line":27,"column":3}}},"2":{"name":"(anonymous_2)","decl":{"start":{"line":29,"column":2},"end":{"line":29,"column":8}},"loc":{"start":{"line":29,"column":57},"end":{"line":31,"column":3}}},"3":{"name":"(anonymous_3)","decl":{"start":{"line":33,"column":2},"end":{"line":33,"column":8}},"loc":{"start":{"line":33,"column":53},"end":{"line":35,"column":3}}},"4":{"name":"(anonymous_4)","decl":{"start":{"line":37,"column":2},"end":{"line":37,"column":8}},"loc":{"start":{"line":37,"column":53},"end":{"line":39,"column":3}}},"5":{"name":"(anonymous_5)","decl":{"start":{"line":41,"column":2},"end":{"line":41,"column":8}},"loc":{"start":{"line":41,"column":87},"end":{"line":44,"column":3}}}},"branchMap":{"0":{"loc":{"start":{"line":8,"column":4},"end":{"line":8,"column":58}},"type":"default-arg","locations":[{"start":{"line":8,"column":25},"end":{"line":8,"column":58}}]},"1":{"loc":{"start":{"line":11,"column":4},"end":{"line":11,"column":24}},"type":"default-arg","locations":[{"start":{"line":11,"column":20},"end":{"line":11,"column":24}}]},"2":{"loc":{"start":{"line":12,"column":4},"end":{"line":12,"column":14}},"type":"default-arg","locations":[{"start":{"line":12,"column":12},"end":{"line":12,"column":14}}]},"3":{"loc":{"start":{"line":18,"column":4},"end":{"line":22,"column":5}},"type":"if","locations":[{"start":{"line":18,"column":4},"end":{"line":22,"column":5}},{"start":{"line":20,"column":11},"end":{"line":22,"column":5}}]},"4":{"loc":{"start":{"line":41,"column":57},"end":{"line":41,"column":87}},"type":"default-arg","locations":[{"start":{"line":41,"column":69},"end":{"line":41,"column":87}}]}},"s":{"0":2,"1":3,"2":3,"3":3,"4":3,"5":3,"6":0,"7":3,"8":0,"9":0,"10":0,"11":0,"12":0,"13":0,"14":2},"f":{"0":3,"1":0,"2":0,"3":0,"4":0,"5":0},"b":{"0":[0],"1":[3],"2":[3],"3":[0,3],"4":[0]}}
,"D:\\work 2\\task-manager-pro\\src\\utils\\logger.ts": {"path":"D:\\work 2\\task-manager-pro\\src\\utils\\logger.ts","statementMap":{"0":{"start":{"line":1,"column":0},"end":{"line":1,"column":30}},"1":{"start":{"line":2,"column":0},"end":{"line":2,"column":41}},"2":{"start":{"line":4,"column":15},"end":{"line":14,"column":2}},"3":{"start":{"line":16,"column":0},"end":{"line":25,"column":1}},"4":{"start":{"line":17,"column":2},"end":{"line":24,"column":4}},"5":{"start":{"line":27,"column":0},"end":{"line":27,"column":22}}},"fnMap":{},"branchMap":{"0":{"loc":{"start":{"line":16,"column":0},"end":{"line":25,"column":1}},"type":"if","locations":[{"start":{"line":16,"column":0},"end":{"line":25,"column":1}}]}},"s":{"0":2,"1":2,"2":2,"3":2,"4":2,"5":2},"f":{},"b":{"0":[2]}}
}
