TN:
SF:src\app.ts
FN:30,(anonymous_1)
FNF:1
FNH:1
FNDA:25,(anonymous_1)
DA:1,2
DA:2,2
DA:3,2
DA:4,2
DA:5,2
DA:6,2
DA:7,2
DA:8,2
DA:9,2
DA:12,2
DA:14,2
DA:17,2
DA:18,2
DA:19,2
DA:22,2
DA:27,2
DA:30,25
DA:33,2
DA:34,2
DA:37,2
DA:40,2
DA:42,2
LF:22
LH:22
BRF:0
BRH:0
end_of_record
TN:
SF:src\config\env.ts
FNF:0
FNH:0
DA:1,2
DA:2,2
DA:4,2
DA:9,2
DA:18,2
DA:19,12
DA:20,0
DA:25,2
DA:26,2
DA:27,2
DA:28,2
DA:29,2
DA:30,2
LF:13
LH:12
BRDA:19,0,0,0
BRDA:26,1,0,2
BRDA:26,1,1,0
BRF:3
BRH:1
end_of_record
TN:
SF:src\controllers\auth.ts
FN:30,(anonymous_1)
FN:66,(anonymous_2)
FN:75,(anonymous_3)
FN:108,(anonymous_4)
FN:117,(anonymous_5)
FN:143,(anonymous_6)
FNF:6
FNH:6
FNDA:4,(anonymous_1)
FNDA:3,(anonymous_2)
FNDA:2,(anonymous_3)
FNDA:1,(anonymous_4)
FNDA:1,(anonymous_5)
FNDA:3,(anonymous_6)
DA:2,2
DA:3,2
DA:4,2
DA:5,2
DA:6,2
DA:9,2
DA:12,2
DA:24,2
DA:30,2
DA:35,4
DA:37,4
DA:38,3
DA:41,3
DA:42,0
DA:46,3
DA:49,3
DA:51,3
DA:64,1
DA:65,1
DA:66,3
DA:67,1
DA:69,0
DA:75,2
DA:80,2
DA:82,2
DA:85,1
DA:86,1
DA:87,1
DA:91,0
DA:93,0
DA:106,2
DA:107,1
DA:108,1
DA:109,1
DA:111,1
DA:117,2
DA:122,1
DA:123,1
DA:124,1
DA:125,0
DA:128,1
DA:138,0
DA:143,2
DA:144,3
LF:44
LH:38
BRDA:41,0,0,0
BRDA:64,1,0,1
BRDA:64,1,1,0
BRDA:86,2,0,1
BRDA:86,3,0,1
BRDA:86,3,1,1
BRDA:106,4,0,1
BRDA:106,4,1,1
BRDA:124,5,0,0
BRF:9
BRH:6
end_of_record
TN:
SF:src\controllers\tasks.ts
FN:10,(anonymous_1)
FN:19,(anonymous_2)
FN:36,(anonymous_3)
FN:40,(anonymous_4)
FN:69,(anonymous_5)
FN:82,(anonymous_6)
FN:95,(anonymous_7)
FN:104,(anonymous_8)
FN:124,(anonymous_9)
FN:133,(anonymous_10)
FNF:10
FNH:0
FNDA:0,(anonymous_1)
FNDA:0,(anonymous_2)
FNDA:0,(anonymous_3)
FNDA:0,(anonymous_4)
FNDA:0,(anonymous_5)
FNDA:0,(anonymous_6)
FNDA:0,(anonymous_7)
FNDA:0,(anonymous_8)
FNDA:0,(anonymous_9)
FNDA:0,(anonymous_10)
DA:2,2
DA:3,2
DA:4,2
DA:5,2
DA:7,2
DA:10,2
DA:11,0
DA:12,0
DA:13,0
DA:15,0
DA:19,2
DA:20,0
DA:21,0
DA:22,0
DA:24,0
DA:25,0
DA:34,0
DA:35,0
DA:36,0
DA:39,0
DA:40,0
DA:42,0
DA:45,0
DA:46,0
DA:49,0
DA:50,0
DA:51,0
DA:53,0
DA:56,0
DA:58,0
DA:64,0
DA:69,2
DA:70,0
DA:71,0
DA:72,0
DA:77,0
DA:82,2
DA:83,0
DA:84,0
DA:89,0
DA:94,0
DA:95,0
DA:96,0
DA:98,0
DA:104,2
DA:105,0
DA:106,0
DA:108,0
DA:118,0
DA:123,0
DA:124,0
DA:125,0
DA:127,0
DA:133,2
DA:134,0
DA:135,0
DA:136,0
DA:138,0
DA:144,0
LF:59
LH:11
BRDA:12,0,0,0
BRDA:24,1,0,0
BRDA:45,2,0,0
BRDA:45,2,1,0
BRDA:49,3,0,0
BRDA:49,3,1,0
BRDA:50,4,0,0
BRDA:50,4,1,0
BRDA:94,5,0,0
BRDA:94,5,1,0
BRDA:123,6,0,0
BRDA:123,6,1,0
BRF:12
BRH:0
end_of_record
TN:
SF:src\middleware\auth.ts
FN:10,(anonymous_1)
FN:47,(anonymous_2)
FN:48,(anonymous_3)
FNF:3
FNH:1
FNDA:1,(anonymous_1)
FNDA:0,(anonymous_2)
FNDA:0,(anonymous_3)
DA:2,2
DA:3,2
DA:4,2
DA:5,2
DA:6,2
DA:7,2
DA:10,2
DA:17,1
DA:21,1
DA:24,1
DA:25,0
DA:33,1
DA:35,1
DA:38,1
DA:40,1
DA:42,0
DA:43,0
DA:47,2
DA:48,0
DA:49,0
DA:50,0
DA:57,0
LF:22
LH:15
BRDA:17,0,0,1
BRDA:18,1,0,1
BRDA:18,1,1,1
BRDA:24,2,0,0
BRDA:49,3,0,0
BRF:5
BRH:3
end_of_record
TN:
SF:src\middleware\errorHandler.ts
FN:7,(anonymous_1)
FN:24,(anonymous_2)
FNF:2
FNH:1
FNDA:3,(anonymous_1)
FNDA:0,(anonymous_2)
DA:2,2
DA:3,2
DA:4,2
DA:5,2
DA:7,2
DA:13,3
DA:14,3
DA:17,3
DA:18,3
DA:19,3
DA:22,0
DA:23,0
DA:24,0
DA:27,0
DA:28,0
DA:29,0
DA:32,0
DA:33,0
DA:34,0
DA:37,0
DA:38,0
DA:39,0
DA:43,3
DA:44,0
DA:50,3
DA:54,3
LF:26
LH:13
BRDA:17,0,0,3
BRDA:17,0,1,0
BRDA:22,1,0,0
BRDA:22,1,1,0
BRDA:27,2,0,0
BRDA:27,2,1,0
BRDA:32,3,0,0
BRDA:32,3,1,0
BRDA:37,4,0,0
BRDA:43,5,0,0
BRDA:43,5,1,3
BRDA:59,6,0,3
BRDA:59,6,1,0
BRF:13
BRH:3
end_of_record
TN:
SF:src\models\Task.ts
FN:27,(anonymous_1)
FNF:1
FNH:0
FNDA:0,(anonymous_1)
DA:1,2
DA:6,2
DA:28,0
DA:43,2
DA:44,2
DA:45,2
DA:47,2
DA:49,2
LF:8
LH:7
BRDA:28,0,0,0
BRDA:28,0,1,0
BRF:2
BRH:0
end_of_record
TN:
SF:src\models\User.ts
FN:45,(anonymous_1)
FN:61,(anonymous_2)
FNF:2
FNH:2
FNDA:13,(anonymous_1)
FNDA:1,(anonymous_2)
DA:1,2
DA:2,2
DA:4,2
DA:10,2
DA:45,2
DA:46,13
DA:47,0
DA:50,13
DA:51,13
DA:52,13
DA:53,13
DA:55,0
DA:56,0
DA:61,2
DA:62,1
DA:65,2
DA:67,2
LF:17
LH:14
BRDA:46,0,0,0
BRF:1
BRH:0
end_of_record
TN:
SF:src\routes\auth.ts
FNF:0
FNH:0
DA:1,2
DA:2,2
DA:3,2
DA:5,2
DA:7,2
DA:8,2
DA:9,2
DA:11,2
LF:8
LH:8
BRF:0
BRH:0
end_of_record
TN:
SF:src\routes\index.ts
FNF:0
FNH:0
DA:1,2
DA:2,2
DA:3,2
DA:4,2
DA:6,2
DA:9,2
DA:12,2
DA:14,2
LF:8
LH:8
BRF:0
BRH:0
end_of_record
TN:
SF:src\routes\tasks.ts
FNF:0
FNH:0
DA:1,2
DA:2,2
DA:10,2
DA:12,2
DA:14,2
DA:16,2
LF:6
LH:6
BRF:0
BRH:0
end_of_record
TN:
SF:src\services\cache.ts
FN:11,(anonymous_1)
FN:16,(anonymous_2)
FN:31,(anonymous_3)
FN:43,(anonymous_4)
FN:59,(anonymous_5)
FN:72,(anonymous_6)
FNF:6
FNH:1
FNDA:0,(anonymous_1)
FNDA:2,(anonymous_2)
FNDA:0,(anonymous_3)
FNDA:0,(anonymous_4)
FNDA:0,(anonymous_5)
FNDA:0,(anonymous_6)
DA:1,2
DA:2,2
DA:3,2
DA:6,2
DA:11,2
DA:12,0
DA:16,2
DA:17,2
DA:18,2
DA:19,2
DA:20,2
DA:23,0
DA:24,0
DA:29,2
DA:31,2
DA:32,0
DA:33,0
DA:34,0
DA:36,0
DA:38,0
DA:39,0
DA:43,2
DA:48,0
DA:49,0
DA:50,0
DA:52,0
DA:54,0
DA:55,0
DA:59,2
DA:60,0
DA:61,0
DA:62,0
DA:64,0
DA:66,0
DA:67,0
DA:72,2
DA:73,0
DA:74,0
DA:75,0
DA:77,0
LF:40
LH:15
BRDA:18,0,0,2
BRDA:33,1,0,0
BRDA:46,2,0,0
BRDA:49,3,0,0
BRDA:61,4,0,0
BRDA:73,5,0,0
BRF:6
BRH:1
end_of_record
TN:
SF:src\utils\ApiError.ts
FN:7,(anonymous_0)
FN:25,(anonymous_1)
FN:29,(anonymous_2)
FN:33,(anonymous_3)
FN:37,(anonymous_4)
FN:41,(anonymous_5)
FNF:6
FNH:1
FNDA:3,(anonymous_0)
FNDA:0,(anonymous_1)
FNDA:0,(anonymous_2)
FNDA:0,(anonymous_3)
FNDA:0,(anonymous_4)
FNDA:0,(anonymous_5)
DA:1,2
DA:10,3
DA:14,3
DA:15,3
DA:16,3
DA:18,3
DA:19,0
DA:21,3
DA:26,0
DA:30,0
DA:34,0
DA:38,0
DA:42,0
DA:43,0
DA:47,2
LF:15
LH:8
BRDA:8,0,0,0
BRDA:11,1,0,3
BRDA:12,2,0,3
BRDA:18,3,0,0
BRDA:18,3,1,3
BRDA:41,4,0,0
BRF:6
BRH:3
end_of_record
TN:
SF:src\utils\logger.ts
FNF:0
FNH:0
DA:1,2
DA:2,2
DA:4,2
DA:16,2
DA:17,2
DA:27,2
LF:6
LH:6
BRDA:16,0,0,2
BRF:1
BRH:1
end_of_record
